<?xml version="1.0" encoding="UTF-8"?>
<testsuite name="com.workshop.route.application.exceptions.GlobalExceptionHandlerTest" tests="4" skipped="0" failures="0" errors="0" timestamp="2024-11-11T15:01:11" hostname="GFT-9H3G1F3" time="0.466">
  <properties/>
  <testcase name="Handle RouteNotFoundException" classname="com.workshop.route.application.exceptions.GlobalExceptionHandlerTest" time="0.261"/>
  <testcase name="Handle MethodArgumentNotValidException" classname="com.workshop.route.application.exceptions.GlobalExceptionHandlerTest" time="0.197"/>
  <testcase name="Handle Generic Exception" classname="com.workshop.route.application.exceptions.GlobalExceptionHandlerTest" time="0.002"/>
  <testcase name="Handle RouteValidationException" classname="com.workshop.route.application.exceptions.GlobalExceptionHandlerTest" time="0.003"/>
  <system-out><![CDATA[]]></system-out>
  <system-err><![CDATA[]]></system-err>
</testsuite>
