<?xml version="1.0" encoding="UTF-8"?>
<testsuite name="RouteResponseBuilder Unit Tests" tests="3" skipped="0" failures="0" errors="0" timestamp="2024-11-11T15:01:11" hostname="GFT-9H3G1F3" time="0.01">
  <properties/>
  <testcase name="Generate No Content Response - Should Return 204 No Content" classname="com.workshop.route.application.response.builder.RouteResponseBuilderTest" time="0.003"/>
  <testcase name="Generate Created Response - Should Return 201 Created with Route" classname="com.workshop.route.application.response.builder.RouteResponseBuilderTest" time="0.002"/>
  <testcase name="Generate OK Response - Should Return 200 OK with Route" classname="com.workshop.route.application.response.builder.RouteResponseBuilderTest" time="0.002"/>
  <system-out><![CDATA[]]></system-out>
  <system-err><![CDATA[]]></system-err>
</testsuite>
